#
# There is insufficient memory for the Java Runtime Environment to continue.
# Native memory allocation (mmap) failed to map 30408704 bytes for G1 virtual space
# Possible reasons:
#   The system is out of physical RAM or swap space
#   The process is running with CompressedOops enabled, and the Java Heap may be blocking the growth of the native heap
# Possible solutions:
#   Reduce memory load on the system
#   Increase physical memory or swap space
#   Check if swap backing store is full
#   Decrease Java heap size (-Xmx/-Xms)
#   Decrease number of Java threads
#   Decrease Java thread stack sizes (-Xss)
#   Set larger code cache with -XX:ReservedCodeCacheSize=
#   JVM is running with Unscaled Compressed Oops mode in which the Java heap is
#     placed in the first 4GB address space. The Java Heap base address is the
#     maximum limit for the native heap growth. Please use -XX:HeapBaseMinAddress
#     to set the Java Heap base and to place the Java Heap above 4GB virtual address.
# This output file may be truncated or incomplete.
#
#  Out of Memory Error (os_windows.cpp:3771), pid=6352, tid=6444
#
# JRE version: OpenJDK Runtime Environment (17.0.7) (build 17.0.7+0-b2043.56-10550314)
# Java VM: OpenJDK 64-Bit Server VM (17.0.7+0-b2043.56-10550314, mixed mode, tiered, compressed oops, compressed class ptrs, g1 gc, windows-amd64)
# No core dump will be written. Minidumps are not enabled by default on client versions of Windows
#

---------------  S U M M A R Y ------------

Command Line: org.jetbrains.kotlin.cli.jvm.K2JVMCompiler @D:\Android-projects\lesson8-unscramble\app\build\20240910_11174117984652733830.compiler.options

Host: Intel(R) Core(TM) i5-6300U CPU @ 2.40GHz, 4 cores, 3G,  Windows 10 , 64 bit Build 19041 (10.0.19041.3636)
Time: Tue Sep 10 15:14:15 2024 SE Asia Standard Time elapsed time: 5.747431 seconds (0d 0h 0m 5s)

---------------  T H R E A D  ---------------

Current thread (0x000001c2381bebf0):  VMThread "VM Thread" [stack: 0x0000005e05000000,0x0000005e05100000] [id=6444]

Stack: [0x0000005e05000000,0x0000005e05100000]
Native frames: (J=compiled Java code, j=interpreted, Vv=VM code, C=native code)
V  [jvm.dll+0x683bfa]
V  [jvm.dll+0x8430a4]
V  [jvm.dll+0x8449be]
V  [jvm.dll+0x845023]
V  [jvm.dll+0x24ad2f]
V  [jvm.dll+0x680ac9]
V  [jvm.dll+0x67519a]
V  [jvm.dll+0x30b3cb]
V  [jvm.dll+0x312876]
V  [jvm.dll+0x36221e]
V  [jvm.dll+0x36244f]
V  [jvm.dll+0x2e14a8]
V  [jvm.dll+0x2df684]
V  [jvm.dll+0x2dec8c]
V  [jvm.dll+0x32382b]
V  [jvm.dll+0x8496eb]
V  [jvm.dll+0x84a424]
V  [jvm.dll+0x84a93d]
V  [jvm.dll+0x84ad14]
V  [jvm.dll+0x84ade0]
V  [jvm.dll+0x7f2aea]
V  [jvm.dll+0x682a35]
C  [ucrtbase.dll+0x21bb2]
C  [KERNEL32.DLL+0x17344]
C  [ntdll.dll+0x4cc91]

VM_Operation (0x0000005e04afac70): G1CollectForAllocation, mode: safepoint, requested by thread 0x000001c2380f2a40


---------------  P R O C E S S  ---------------

Threads class SMR info:
_java_thread_list=0x000001c257f79940, length=13, elements={
0x000001c2380f2a40, 0x000001c250e8b720, 0x000001c250e8f590, 0x000001c250ee05c0,
0x000001c250ee1080, 0x000001c250ee3b40, 0x000001c250ee44f0, 0x000001c250efa010,
0x000001c250f04930, 0x000001c250f0f320, 0x000001c2512b7d10, 0x000001c2512cc010,
0x000001c256bf0910
}

Java Threads: ( => current thread )
  0x000001c2380f2a40 JavaThread "main" [_thread_blocked, id=4076, stack(0x0000005e04a00000,0x0000005e04b00000)]
  0x000001c250e8b720 JavaThread "Reference Handler" daemon [_thread_blocked, id=7048, stack(0x0000005e05100000,0x0000005e05200000)]
  0x000001c250e8f590 JavaThread "Finalizer" daemon [_thread_blocked, id=9348, stack(0x0000005e05200000,0x0000005e05300000)]
  0x000001c250ee05c0 JavaThread "Signal Dispatcher" daemon [_thread_blocked, id=3736, stack(0x0000005e05300000,0x0000005e05400000)]
  0x000001c250ee1080 JavaThread "Attach Listener" daemon [_thread_blocked, id=9108, stack(0x0000005e05400000,0x0000005e05500000)]
  0x000001c250ee3b40 JavaThread "Service Thread" daemon [_thread_blocked, id=4344, stack(0x0000005e05500000,0x0000005e05600000)]
  0x000001c250ee44f0 JavaThread "Monitor Deflation Thread" daemon [_thread_blocked, id=5316, stack(0x0000005e05600000,0x0000005e05700000)]
  0x000001c250efa010 JavaThread "C2 CompilerThread0" daemon [_thread_blocked, id=6492, stack(0x0000005e05700000,0x0000005e05800000)]
  0x000001c250f04930 JavaThread "C1 CompilerThread0" daemon [_thread_blocked, id=9896, stack(0x0000005e05800000,0x0000005e05900000)]
  0x000001c250f0f320 JavaThread "Sweeper thread" daemon [_thread_blocked, id=4764, stack(0x0000005e05900000,0x0000005e05a00000)]
  0x000001c2512b7d10 JavaThread "Notification Thread" daemon [_thread_blocked, id=3672, stack(0x0000005e05a00000,0x0000005e05b00000)]
  0x000001c2512cc010 JavaThread "Common-Cleaner" daemon [_thread_blocked, id=7892, stack(0x0000005e05c00000,0x0000005e05d00000)]
  0x000001c256bf0910 JavaThread "C2 CompilerThread1" daemon [_thread_blocked, id=7684, stack(0x0000005e06000000,0x0000005e06100000)]

Other Threads:
=>0x000001c2381bebf0 VMThread "VM Thread" [stack: 0x0000005e05000000,0x0000005e05100000] [id=6444]
  0x000001c251181aa0 WatcherThread [stack: 0x0000005e05b00000,0x0000005e05c00000] [id=6052]
  0x000001c23812c620 GCTaskThread "GC Thread#0" [stack: 0x0000005e04b00000,0x0000005e04c00000] [id=7616]
  0x000001c2516927b0 GCTaskThread "GC Thread#1" [stack: 0x0000005e05d00000,0x0000005e05e00000] [id=1940]
  0x000001c2516c1ea0 GCTaskThread "GC Thread#2" [stack: 0x0000005e05e00000,0x0000005e05f00000] [id=5772]
  0x000001c2516ec870 GCTaskThread "GC Thread#3" [stack: 0x0000005e05f00000,0x0000005e06000000] [id=9884]
  0x000001c2381350e0 ConcurrentGCThread "G1 Main Marker" [stack: 0x0000005e04c00000,0x0000005e04d00000] [id=9400]
  0x000001c2381376a0 ConcurrentGCThread "G1 Conc#0" [stack: 0x0000005e04d00000,0x0000005e04e00000] [id=3004]
  0x000001c238176980 ConcurrentGCThread "G1 Refine#0" [stack: 0x0000005e04e00000,0x0000005e04f00000] [id=8020]
  0x000001c256507340 ConcurrentGCThread "G1 Refine#1" [stack: 0x0000005e06100000,0x0000005e06200000] [id=3664]
  0x000001c256507900 ConcurrentGCThread "G1 Refine#2" [stack: 0x0000005e06200000,0x0000005e06300000] [id=8060]
  0x000001c2381773a0 ConcurrentGCThread "G1 Service" [stack: 0x0000005e04f00000,0x0000005e05000000] [id=6096]

Threads with active compile tasks:
C2 CompilerThread0     5786 3536       4       jdk.internal.loader.ClassLoaders$AppClassLoader::loadClass (40 bytes)
C2 CompilerThread1     5786 3535       4       java.lang.ClassLoader::loadClass (7 bytes)

VM state: at safepoint (normal execution)

VM Mutex/Monitor currently owned by a thread:  ([mutex/lock_event])
[0x000001c2380ecc10] Threads_lock - owner thread: 0x000001c2381bebf0
[0x000001c2380eaed0] Heap_lock - owner thread: 0x000001c2380f2a40

Heap address: 0x00000000c2400000, size: 988 MB, Compressed Oops mode: 32-bit

CDS archive(s) not mapped
Compressed class space mapped at: 0x0000000100000000-0x0000000140000000, reserved size: 1073741824
Narrow klass base: 0x0000000000000000, Narrow klass shift: 3, Narrow klass range: 0x140000000

GC Precious Log:
 CPUs: 4 total, 4 available
 Memory: 3949M
 Large Page Support: Disabled
 NUMA Support: Disabled
 Compressed Oops: Enabled (32-bit)
 Heap Region Size: 1M
 Heap Min Capacity: 8M
 Heap Initial Capacity: 62M
 Heap Max Capacity: 988M
 Pre-touch: Disabled
 Parallel Workers: 4
 Concurrent Workers: 1
 Concurrent Refinement Workers: 4
 Periodic GC: Disabled

Heap:
 garbage-first heap   total 63488K, used 27787K [0x00000000c2400000, 0x0000000100000000)
  region size 1024K, 2 young (2048K), 2 survivors (2048K)
 Metaspace       used 48456K, committed 48704K, reserved 1114112K
  class space    used 5911K, committed 6016K, reserved 1048576K

Heap Regions: E=young(eden), S=young(survivor), O=old, HS=humongous(starts), HC=humongous(continues), CS=collection set, F=free, OA=open archive, CA=closed archive, TAMS=top-at-mark-start (previous, next)
|   0|0x00000000c2400000, 0x00000000c2500000, 0x00000000c2500000|100%|HS|  |TAMS 0x00000000c2500000, 0x00000000c2500000| Complete 
|   1|0x00000000c2500000, 0x00000000c2600000, 0x00000000c2600000|100%|HC|  |TAMS 0x00000000c2600000, 0x00000000c2600000| Complete 
|   2|0x00000000c2600000, 0x00000000c2700000, 0x00000000c2700000|100%|HC|  |TAMS 0x00000000c2700000, 0x00000000c2700000| Complete 
|   3|0x00000000c2700000, 0x00000000c2800000, 0x00000000c2800000|100%|HC|  |TAMS 0x00000000c2800000, 0x00000000c2800000| Complete 
|   4|0x00000000c2800000, 0x00000000c28f2000, 0x00000000c2900000| 94%| O|  |TAMS 0x00000000c28f2000, 0x00000000c28f2000| Untracked 
|   5|0x00000000c2900000, 0x00000000c2a00000, 0x00000000c2a00000|100%| O|  |TAMS 0x00000000c2a00000, 0x00000000c2a00000| Untracked 
|   6|0x00000000c2a00000, 0x00000000c2b00000, 0x00000000c2b00000|100%| O|  |TAMS 0x00000000c2b00000, 0x00000000c2b00000| Untracked 
|   7|0x00000000c2b00000, 0x00000000c2c00000, 0x00000000c2c00000|100%| O|  |TAMS 0x00000000c2c00000, 0x00000000c2c00000| Untracked 
|   8|0x00000000c2c00000, 0x00000000c2d00000, 0x00000000c2d00000|100%| O|  |TAMS 0x00000000c2c00000, 0x00000000c2c17c00| Untracked 
|   9|0x00000000c2d00000, 0x00000000c2e00000, 0x00000000c2e00000|100%| O|  |TAMS 0x00000000c2e00000, 0x00000000c2e00000| Untracked 
|  10|0x00000000c2e00000, 0x00000000c2f00000, 0x00000000c2f00000|100%| O|  |TAMS 0x00000000c2f00000, 0x00000000c2f00000| Untracked 
|  11|0x00000000c2f00000, 0x00000000c3000000, 0x00000000c3000000|100%| O|  |TAMS 0x00000000c3000000, 0x00000000c3000000| Untracked 
|  12|0x00000000c3000000, 0x00000000c3100000, 0x00000000c3100000|100%| O|  |TAMS 0x00000000c3052600, 0x00000000c3100000| Untracked 
|  13|0x00000000c3100000, 0x00000000c3200000, 0x00000000c3200000|100%| O|  |TAMS 0x00000000c3100000, 0x00000000c3200000| Untracked 
|  14|0x00000000c3200000, 0x00000000c3300000, 0x00000000c3300000|100%| O|  |TAMS 0x00000000c3200000, 0x00000000c3300000| Untracked 
|  15|0x00000000c3300000, 0x00000000c3400000, 0x00000000c3400000|100%| O|  |TAMS 0x00000000c3400000, 0x00000000c3400000| Untracked 
|  16|0x00000000c3400000, 0x00000000c3500000, 0x00000000c3500000|100%| O|  |TAMS 0x00000000c3500000, 0x00000000c3500000| Untracked 
|  17|0x00000000c3500000, 0x00000000c3600000, 0x00000000c3600000|100%| O|  |TAMS 0x00000000c3600000, 0x00000000c3600000| Untracked 
|  18|0x00000000c3600000, 0x00000000c3700000, 0x00000000c3700000|100%| O|  |TAMS 0x00000000c3700000, 0x00000000c3700000| Untracked 
|  19|0x00000000c3700000, 0x00000000c3800000, 0x00000000c3800000|100%| O|  |TAMS 0x00000000c3700000, 0x00000000c3800000| Untracked 
|  20|0x00000000c3800000, 0x00000000c3900000, 0x00000000c3900000|100%| O|  |TAMS 0x00000000c3800000, 0x00000000c3900000| Untracked 
|  21|0x00000000c3900000, 0x00000000c3a00000, 0x00000000c3a00000|100%|HS|  |TAMS 0x00000000c3900000, 0x00000000c3a00000| Complete 
|  22|0x00000000c3a00000, 0x00000000c3b00000, 0x00000000c3b00000|100%|HC|  |TAMS 0x00000000c3a00000, 0x00000000c3b00000| Complete 
|  23|0x00000000c3b00000, 0x00000000c3c00000, 0x00000000c3c00000|100%| O|  |TAMS 0x00000000c3b00000, 0x00000000c3b00000| Untracked 
|  24|0x00000000c3c00000, 0x00000000c3d00000, 0x00000000c3d00000|100%| O|  |TAMS 0x00000000c3c00000, 0x00000000c3c00000| Untracked 
|  25|0x00000000c3d00000, 0x00000000c3d30e00, 0x00000000c3e00000| 19%| O|  |TAMS 0x00000000c3d00000, 0x00000000c3d00000| Untracked 
|  26|0x00000000c3e00000, 0x00000000c3e00000, 0x00000000c3f00000|  0%| F|  |TAMS 0x00000000c3e00000, 0x00000000c3e00000| Untracked 
|  27|0x00000000c3f00000, 0x00000000c3f00000, 0x00000000c4000000|  0%| F|  |TAMS 0x00000000c3f00000, 0x00000000c3f00000| Untracked 
|  28|0x00000000c4000000, 0x00000000c4000000, 0x00000000c4100000|  0%| F|  |TAMS 0x00000000c4000000, 0x00000000c4000000| Untracked 
|  29|0x00000000c4100000, 0x00000000c4100000, 0x00000000c4200000|  0%| F|  |TAMS 0x00000000c4100000, 0x00000000c4100000| Untracked 
|  30|0x00000000c4200000, 0x00000000c4200000, 0x00000000c4300000|  0%| F|  |TAMS 0x00000000c4200000, 0x00000000c4200000| Untracked 
|  31|0x00000000c4300000, 0x00000000c4300000, 0x00000000c4400000|  0%| F|  |TAMS 0x00000000c4300000, 0x00000000c4300000| Untracked 
|  32|0x00000000c4400000, 0x00000000c4400000, 0x00000000c4500000|  0%| F|  |TAMS 0x00000000c4400000, 0x00000000c4400000| Untracked 
|  33|0x00000000c4500000, 0x00000000c4500000, 0x00000000c4600000|  0%| F|  |TAMS 0x00000000c4500000, 0x00000000c4500000| Untracked 
|  34|0x00000000c4600000, 0x00000000c4700000, 0x00000000c4700000|100%| S|CS|TAMS 0x00000000c4600000, 0x00000000c4600000| Complete 
|  35|0x00000000c4700000, 0x00000000c4800000, 0x00000000c4800000|100%| S|CS|TAMS 0x00000000c4700000, 0x00000000c4700000| Complete 
|  36|0x00000000c4800000, 0x00000000c4800000, 0x00000000c4900000|  0%| F|  |TAMS 0x00000000c4800000, 0x00000000c4800000| Untracked 
|  37|0x00000000c4900000, 0x00000000c4900000, 0x00000000c4a00000|  0%| F|  |TAMS 0x00000000c4900000, 0x00000000c4900000| Untracked 
|  38|0x00000000c4a00000, 0x00000000c4a00000, 0x00000000c4b00000|  0%| F|  |TAMS 0x00000000c4a00000, 0x00000000c4a00000| Untracked 
|  39|0x00000000c4b00000, 0x00000000c4b00000, 0x00000000c4c00000|  0%| F|  |TAMS 0x00000000c4b00000, 0x00000000c4b00000| Untracked 
|  40|0x00000000c4c00000, 0x00000000c4c00000, 0x00000000c4d00000|  0%| F|  |TAMS 0x00000000c4c00000, 0x00000000c4c00000| Untracked 
|  41|0x00000000c4d00000, 0x00000000c4d00000, 0x00000000c4e00000|  0%| F|  |TAMS 0x00000000c4d00000, 0x00000000c4d00000| Untracked 
|  42|0x00000000c4e00000, 0x00000000c4e00000, 0x00000000c4f00000|  0%| F|  |TAMS 0x00000000c4e00000, 0x00000000c4e00000| Untracked 
|  43|0x00000000c4f00000, 0x00000000c4f00000, 0x00000000c5000000|  0%| F|  |TAMS 0x00000000c4f00000, 0x00000000c4f00000| Untracked 
|  44|0x00000000c5000000, 0x00000000c5000000, 0x00000000c5100000|  0%| F|  |TAMS 0x00000000c5000000, 0x00000000c5000000| Untracked 
|  45|0x00000000c5100000, 0x00000000c5100000, 0x00000000c5200000|  0%| F|  |TAMS 0x00000000c5100000, 0x00000000c5100000| Untracked 
|  46|0x00000000c5200000, 0x00000000c5200000, 0x00000000c5300000|  0%| F|  |TAMS 0x00000000c5200000, 0x00000000c5200000| Untracked 
|  47|0x00000000c5300000, 0x00000000c5300000, 0x00000000c5400000|  0%| F|  |TAMS 0x00000000c5300000, 0x00000000c5300000| Untracked 
|  48|0x00000000c5400000, 0x00000000c5400000, 0x00000000c5500000|  0%| F|  |TAMS 0x00000000c5400000, 0x00000000c5400000| Untracked 
|  49|0x00000000c5500000, 0x00000000c5500000, 0x00000000c5600000|  0%| F|  |TAMS 0x00000000c5500000, 0x00000000c5500000| Untracked 
|  50|0x00000000c5600000, 0x00000000c5600000, 0x00000000c5700000|  0%| F|  |TAMS 0x00000000c5600000, 0x00000000c5600000| Untracked 
|  51|0x00000000c5700000, 0x00000000c5700000, 0x00000000c5800000|  0%| F|  |TAMS 0x00000000c5700000, 0x00000000c5700000| Untracked 
|  52|0x00000000c5800000, 0x00000000c5800000, 0x00000000c5900000|  0%| F|  |TAMS 0x00000000c5800000, 0x00000000c5800000| Untracked 
|  53|0x00000000c5900000, 0x00000000c5900000, 0x00000000c5a00000|  0%| F|  |TAMS 0x00000000c5900000, 0x00000000c5900000| Untracked 
|  54|0x00000000c5a00000, 0x00000000c5a00000, 0x00000000c5b00000|  0%| F|  |TAMS 0x00000000c5a00000, 0x00000000c5a00000| Untracked 
|  55|0x00000000c5b00000, 0x00000000c5b00000, 0x00000000c5c00000|  0%| F|  |TAMS 0x00000000c5b00000, 0x00000000c5b00000| Untracked 
|  56|0x00000000c5c00000, 0x00000000c5c00000, 0x00000000c5d00000|  0%| F|  |TAMS 0x00000000c5c00000, 0x00000000c5c00000| Untracked 
|  57|0x00000000c5d00000, 0x00000000c5d00000, 0x00000000c5e00000|  0%| F|  |TAMS 0x00000000c5d00000, 0x00000000c5d00000| Untracked 
|  58|0x00000000c5e00000, 0x00000000c5e00000, 0x00000000c5f00000|  0%| F|  |TAMS 0x00000000c5e00000, 0x00000000c5e00000| Untracked 
|  59|0x00000000c5f00000, 0x00000000c5f00000, 0x00000000c6000000|  0%| F|  |TAMS 0x00000000c5f00000, 0x00000000c5f00000| Untracked 
|  60|0x00000000c6000000, 0x00000000c6000000, 0x00000000c6100000|  0%| F|  |TAMS 0x00000000c6000000, 0x00000000c6000000| Untracked 
|  61|0x00000000c6100000, 0x00000000c6100000, 0x00000000c6200000|  0%| F|  |TAMS 0x00000000c6100000, 0x00000000c6100000| Untracked 

Card table byte_map: [0x000001c24c610000,0x000001c24c800000] _byte_map_base: 0x000001c24bffe000

Marking Bits (Prev, Next): (CMBitMap*) 0x000001c23812cc30, (CMBitMap*) 0x000001c23812cc70
 Prev Bits: [0x000001c24c9f0000, 0x000001c24d960000)
 Next Bits: [0x000001c24d960000, 0x000001c24e8d0000)

Polling page: 0x000001c2381c0000

Metaspace:

Usage:
  Non-class:     41.55 MB used.
      Class:      5.77 MB used.
       Both:     47.32 MB used.

Virtual space:
  Non-class space:       64.00 MB reserved,      41.69 MB ( 65%) committed,  1 nodes.
      Class space:        1.00 GB reserved,       5.88 MB ( <1%) committed,  1 nodes.
             Both:        1.06 GB reserved,      47.56 MB (  4%) committed. 

Chunk freelists:
   Non-Class:  5.91 MB
       Class:  10.11 MB
        Both:  16.02 MB

MaxMetaspaceSize: unlimited
CompressedClassSpaceSize: 1.00 GB
Initial GC threshold: 21.00 MB
Current GC threshold: 59.38 MB
CDS: off
MetaspaceReclaimPolicy: balanced
 - commit_granule_bytes: 65536.
 - commit_granule_words: 8192.
 - virtual_space_node_default_size: 8388608.
 - enlarge_chunks_in_place: 1.
 - new_chunks_are_fully_committed: 0.
 - uncommit_free_chunks: 1.
 - use_allocation_guard: 0.
 - handle_deallocations: 1.


Internal statistics:

num_allocs_failed_limit: 6.
num_arena_births: 174.
num_arena_deaths: 0.
num_vsnodes_births: 2.
num_vsnodes_deaths: 0.
num_space_committed: 760.
num_space_uncommitted: 0.
num_chunks_returned_to_freelist: 6.
num_chunks_taken_from_freelist: 1552.
num_chunk_merges: 6.
num_chunk_splits: 1316.
num_chunks_enlarged: 1195.
num_inconsistent_stats: 0.

CodeHeap 'non-profiled nmethods': size=120000Kb used=1658Kb max_used=1658Kb free=118341Kb
 bounds [0x000001c2448d0000, 0x000001c244b40000, 0x000001c24be00000]
CodeHeap 'profiled nmethods': size=120000Kb used=7403Kb max_used=7403Kb free=112596Kb
 bounds [0x000001c23ce00000, 0x000001c23d540000, 0x000001c244330000]
CodeHeap 'non-nmethods': size=5760Kb used=1266Kb max_used=1341Kb free=4493Kb
 bounds [0x000001c244330000, 0x000001c2445a0000, 0x000001c2448d0000]
 total_blobs=4106 nmethods=3525 adapters=493
 compilation: enabled
              stopped_count=0, restarted_count=0
 full_count=0

Compilation events (20 events):
Event: 5.713 Thread 0x000001c250f04930 3531       3       java.util.concurrent.locks.AbstractQueuedSynchronizer::signalNext (34 bytes)
Event: 5.713 Thread 0x000001c250f04930 nmethod 3531 0x000001c23d539810 code [0x000001c23d5399c0, 0x000001c23d539c58]
Event: 5.715 Thread 0x000001c250f04930 3532       1       org.jetbrains.kotlin.load.java.JavaTypeEnhancementState::getDisabledDefaultAnnotations (5 bytes)
Event: 5.715 Thread 0x000001c250f04930 nmethod 3532 0x000001c244a6d590 code [0x000001c244a6d720, 0x000001c244a6d7f8]
Event: 5.717 Thread 0x000001c250f04930 3533       1       org.jetbrains.kotlin.types.SimpleTypeImpl::getMemberScope (5 bytes)
Event: 5.717 Thread 0x000001c250f04930 nmethod 3533 0x000001c244a6d890 code [0x000001c244a6da20, 0x000001c244a6daf8]
Event: 5.717 Thread 0x000001c250f04930 3534       1       org.jetbrains.kotlin.types.SimpleTypeImpl::getArguments (5 bytes)
Event: 5.717 Thread 0x000001c250f04930 nmethod 3534 0x000001c244a6db90 code [0x000001c244a6dd20, 0x000001c244a6ddf8]
Event: 5.719 Thread 0x000001c250efa010 3536       4       jdk.internal.loader.ClassLoaders$AppClassLoader::loadClass (40 bytes)
Event: 5.719 Thread 0x000001c256bf0910 3535       4       java.lang.ClassLoader::loadClass (7 bytes)
Event: 5.723 Thread 0x000001c250f04930 3537       3       kotlin.sequences.FlatteningSequence$iterator$1::ensureItemIterator (112 bytes)
Event: 5.724 Thread 0x000001c250f04930 nmethod 3537 0x000001c23d539e10 code [0x000001c23d53a040, 0x000001c23d53aa38]
Event: 5.724 Thread 0x000001c250f04930 3538       1       org.jetbrains.kotlin.util.EmptyArrayMap::get (2 bytes)
Event: 5.724 Thread 0x000001c250f04930 nmethod 3538 0x000001c244a6de90 code [0x000001c244a6e020, 0x000001c244a6e0f8]
Event: 5.724 Thread 0x000001c250f04930 3539       1       org.jetbrains.kotlin.load.java.typeEnhancement.JavaTypeQualifiers::getNullability (5 bytes)
Event: 5.724 Thread 0x000001c250f04930 nmethod 3539 0x000001c244a6e190 code [0x000001c244a6e320, 0x000001c244a6e3f8]
Event: 5.725 Thread 0x000001c250f04930 3540       1       org.jetbrains.kotlin.load.java.typeEnhancement.SignatureParts::isCovariant (5 bytes)
Event: 5.725 Thread 0x000001c250f04930 nmethod 3540 0x000001c244a6e490 code [0x000001c244a6e620, 0x000001c244a6e6f8]
Event: 5.725 Thread 0x000001c250f04930 3541       1       org.jetbrains.kotlin.load.java.typeEnhancement.SignatureParts::getSkipRawTypeArguments (5 bytes)
Event: 5.725 Thread 0x000001c250f04930 nmethod 3541 0x000001c244a6e790 code [0x000001c244a6e920, 0x000001c244a6e9f8]

GC Heap History (20 events):
Event: 1.849 GC heap after
{Heap after GC invocations=3 (full 0):
 garbage-first heap   total 63488K, used 10328K [0x00000000c2400000, 0x0000000100000000)
  region size 1024K, 5 young (5120K), 5 survivors (5120K)
 Metaspace       used 21350K, committed 21504K, reserved 1114112K
  class space    used 2337K, committed 2432K, reserved 1048576K
}
Event: 2.547 GC heap before
{Heap before GC invocations=4 (full 0):
 garbage-first heap   total 40960K, used 31832K [0x00000000c2400000, 0x0000000100000000)
  region size 1024K, 27 young (27648K), 5 survivors (5120K)
 Metaspace       used 28764K, committed 28928K, reserved 1114112K
  class space    used 3585K, committed 3648K, reserved 1048576K
}
Event: 2.559 GC heap after
{Heap after GC invocations=5 (full 0):
 garbage-first heap   total 40960K, used 11472K [0x00000000c2400000, 0x0000000100000000)
  region size 1024K, 4 young (4096K), 4 survivors (4096K)
 Metaspace       used 28764K, committed 28928K, reserved 1114112K
  class space    used 3585K, committed 3648K, reserved 1048576K
}
Event: 3.031 GC heap before
{Heap before GC invocations=5 (full 0):
 garbage-first heap   total 40960K, used 30928K [0x00000000c2400000, 0x0000000100000000)
  region size 1024K, 21 young (21504K), 4 survivors (4096K)
 Metaspace       used 29728K, committed 29952K, reserved 1114112K
  class space    used 3669K, committed 3776K, reserved 1048576K
}
Event: 3.049 GC heap after
{Heap after GC invocations=6 (full 0):
 garbage-first heap   total 40960K, used 18012K [0x00000000c2400000, 0x0000000100000000)
  region size 1024K, 3 young (3072K), 3 survivors (3072K)
 Metaspace       used 29728K, committed 29952K, reserved 1114112K
  class space    used 3669K, committed 3776K, reserved 1048576K
}
Event: 3.409 GC heap before
{Heap before GC invocations=6 (full 0):
 garbage-first heap   total 40960K, used 29276K [0x00000000c2400000, 0x0000000100000000)
  region size 1024K, 14 young (14336K), 3 survivors (3072K)
 Metaspace       used 33451K, committed 33728K, reserved 1114112K
  class space    used 4291K, committed 4416K, reserved 1048576K
}
Event: 3.419 GC heap after
{Heap after GC invocations=7 (full 0):
 garbage-first heap   total 40960K, used 19072K [0x00000000c2400000, 0x0000000100000000)
  region size 1024K, 1 young (1024K), 1 survivors (1024K)
 Metaspace       used 33451K, committed 33728K, reserved 1114112K
  class space    used 4291K, committed 4416K, reserved 1048576K
}
Event: 3.678 GC heap before
{Heap before GC invocations=7 (full 0):
 garbage-first heap   total 40960K, used 29312K [0x00000000c2400000, 0x0000000100000000)
  region size 1024K, 12 young (12288K), 1 survivors (1024K)
 Metaspace       used 35124K, committed 35392K, reserved 1114112K
  class space    used 4479K, committed 4608K, reserved 1048576K
}
Event: 3.682 GC heap after
{Heap after GC invocations=8 (full 0):
 garbage-first heap   total 49152K, used 18705K [0x00000000c2400000, 0x0000000100000000)
  region size 1024K, 2 young (2048K), 2 survivors (2048K)
 Metaspace       used 35124K, committed 35392K, reserved 1114112K
  class space    used 4479K, committed 4608K, reserved 1048576K
}
Event: 3.821 GC heap before
{Heap before GC invocations=8 (full 0):
 garbage-first heap   total 49152K, used 22801K [0x00000000c2400000, 0x0000000100000000)
  region size 1024K, 7 young (7168K), 2 survivors (2048K)
 Metaspace       used 35977K, committed 36160K, reserved 1114112K
  class space    used 4568K, committed 4672K, reserved 1048576K
}
Event: 3.826 GC heap after
{Heap after GC invocations=9 (full 0):
 garbage-first heap   total 49152K, used 19680K [0x00000000c2400000, 0x0000000100000000)
  region size 1024K, 1 young (1024K), 1 survivors (1024K)
 Metaspace       used 35977K, committed 36160K, reserved 1114112K
  class space    used 4568K, committed 4672K, reserved 1048576K
}
Event: 4.182 GC heap before
{Heap before GC invocations=10 (full 0):
 garbage-first heap   total 49152K, used 35040K [0x00000000c2400000, 0x0000000100000000)
  region size 1024K, 17 young (17408K), 1 survivors (1024K)
 Metaspace       used 39312K, committed 39552K, reserved 1114112K
  class space    used 4862K, committed 4992K, reserved 1048576K
}
Event: 4.187 GC heap after
{Heap after GC invocations=11 (full 0):
 garbage-first heap   total 49152K, used 21023K [0x00000000c2400000, 0x0000000100000000)
  region size 1024K, 3 young (3072K), 3 survivors (3072K)
 Metaspace       used 39312K, committed 39552K, reserved 1114112K
  class space    used 4862K, committed 4992K, reserved 1048576K
}
Event: 4.202 GC heap before
{Heap before GC invocations=11 (full 0):
 garbage-first heap   total 49152K, used 22047K [0x00000000c2400000, 0x0000000100000000)
  region size 1024K, 4 young (4096K), 3 survivors (3072K)
 Metaspace       used 39559K, committed 39808K, reserved 1114112K
  class space    used 4878K, committed 4992K, reserved 1048576K
}
Event: 4.208 GC heap after
{Heap after GC invocations=12 (full 0):
 garbage-first heap   total 49152K, used 20574K [0x00000000c2400000, 0x0000000100000000)
  region size 1024K, 1 young (1024K), 1 survivors (1024K)
 Metaspace       used 39559K, committed 39808K, reserved 1114112K
  class space    used 4878K, committed 4992K, reserved 1048576K
}
Event: 4.756 GC heap before
{Heap before GC invocations=12 (full 0):
 garbage-first heap   total 49152K, used 35934K [0x00000000c2400000, 0x0000000100000000)
  region size 1024K, 17 young (17408K), 1 survivors (1024K)
 Metaspace       used 43539K, committed 43776K, reserved 1114112K
  class space    used 5304K, committed 5376K, reserved 1048576K
}
Event: 4.761 GC heap after
{Heap after GC invocations=13 (full 0):
 garbage-first heap   total 49152K, used 21668K [0x00000000c2400000, 0x0000000100000000)
  region size 1024K, 2 young (2048K), 2 survivors (2048K)
 Metaspace       used 43539K, committed 43776K, reserved 1114112K
  class space    used 5304K, committed 5376K, reserved 1048576K
}
Event: 5.423 GC heap before
{Heap before GC invocations=13 (full 0):
 garbage-first heap   total 49152K, used 38052K [0x00000000c2400000, 0x0000000100000000)
  region size 1024K, 17 young (17408K), 2 survivors (2048K)
 Metaspace       used 46853K, committed 47104K, reserved 1114112K
  class space    used 5720K, committed 5824K, reserved 1048576K
}
Event: 5.432 GC heap after
{Heap after GC invocations=14 (full 0):
 garbage-first heap   total 49152K, used 25639K [0x00000000c2400000, 0x0000000100000000)
  region size 1024K, 3 young (3072K), 3 survivors (3072K)
 Metaspace       used 46853K, committed 47104K, reserved 1114112K
  class space    used 5720K, committed 5824K, reserved 1048576K
}
Event: 5.727 GC heap before
{Heap before GC invocations=14 (full 0):
 garbage-first heap   total 49152K, used 36903K [0x00000000c2400000, 0x0000000100000000)
  region size 1024K, 15 young (15360K), 3 survivors (3072K)
 Metaspace       used 48456K, committed 48704K, reserved 1114112K
  class space    used 5911K, committed 6016K, reserved 1048576K
}

Dll operation events (2 events):
Event: 0.008 Loaded shared library D:\Android Studio\jbr\bin\java.dll
Event: 2.173 Loaded shared library D:\Android Studio\jbr\bin\verify.dll

Deoptimization events (20 events):
Event: 5.620 Thread 0x000001c2380f2a40 Uncommon trap: trap_request=0xffffff45 fr.pc=0x000001c244a5d094 relative=0x0000000000000254
Event: 5.620 Thread 0x000001c2380f2a40 Uncommon trap: reason=unstable_if action=reinterpret pc=0x000001c244a5d094 method=org.jetbrains.org.objectweb.asm.Type.getTypeInternal(Ljava/lang/String;II)Lorg/jetbrains/org/objectweb/asm/Type; @ 5 c2
Event: 5.620 Thread 0x000001c2380f2a40 DEOPT PACKING pc=0x000001c244a5d094 sp=0x0000005e04afb840
Event: 5.620 Thread 0x000001c2380f2a40 DEOPT UNPACKING pc=0x000001c2443869a3 sp=0x0000005e04afb7d8 mode 2
Event: 5.707 Thread 0x000001c2380f2a40 Uncommon trap: trap_request=0xffffffc6 fr.pc=0x000001c2449c14bc relative=0x000000000000009c
Event: 5.707 Thread 0x000001c2380f2a40 Uncommon trap: reason=bimorphic_or_optimized_type_check action=maybe_recompile pc=0x000001c2449c14bc method=java.util.AbstractList$Itr.hasNext()Z @ 8 c2
Event: 5.707 Thread 0x000001c2380f2a40 DEOPT PACKING pc=0x000001c2449c14bc sp=0x0000005e04afbc80
Event: 5.707 Thread 0x000001c2380f2a40 DEOPT UNPACKING pc=0x000001c2443869a3 sp=0x0000005e04afbc18 mode 2
Event: 5.713 Thread 0x000001c2380f2a40 Uncommon trap: trap_request=0xffffffc6 fr.pc=0x000001c2449c14bc relative=0x000000000000009c
Event: 5.713 Thread 0x000001c2380f2a40 Uncommon trap: reason=bimorphic_or_optimized_type_check action=maybe_recompile pc=0x000001c2449c14bc method=java.util.AbstractList$Itr.hasNext()Z @ 8 c2
Event: 5.713 Thread 0x000001c2380f2a40 DEOPT PACKING pc=0x000001c2449c14bc sp=0x0000005e04afbc80
Event: 5.713 Thread 0x000001c2380f2a40 DEOPT UNPACKING pc=0x000001c2443869a3 sp=0x0000005e04afbc18 mode 2
Event: 5.713 Thread 0x000001c2380f2a40 Uncommon trap: trap_request=0xffffffc6 fr.pc=0x000001c2449c14bc relative=0x000000000000009c
Event: 5.713 Thread 0x000001c2380f2a40 Uncommon trap: reason=bimorphic_or_optimized_type_check action=maybe_recompile pc=0x000001c2449c14bc method=java.util.AbstractList$Itr.hasNext()Z @ 8 c2
Event: 5.713 Thread 0x000001c2380f2a40 DEOPT PACKING pc=0x000001c2449c14bc sp=0x0000005e04afbc80
Event: 5.713 Thread 0x000001c2380f2a40 DEOPT UNPACKING pc=0x000001c2443869a3 sp=0x0000005e04afbc18 mode 2
Event: 5.713 Thread 0x000001c2380f2a40 Uncommon trap: trap_request=0xffffffc6 fr.pc=0x000001c2449c14bc relative=0x000000000000009c
Event: 5.713 Thread 0x000001c2380f2a40 Uncommon trap: reason=bimorphic_or_optimized_type_check action=maybe_recompile pc=0x000001c2449c14bc method=java.util.AbstractList$Itr.hasNext()Z @ 8 c2
Event: 5.713 Thread 0x000001c2380f2a40 DEOPT PACKING pc=0x000001c2449c14bc sp=0x0000005e04afbe70
Event: 5.713 Thread 0x000001c2380f2a40 DEOPT UNPACKING pc=0x000001c2443869a3 sp=0x0000005e04afbe08 mode 2

Classes unloaded (0 events):
No events

Classes redefined (0 events):
No events

Internal exceptions (20 events):
Event: 1.910 Thread 0x000001c2380f2a40 Exception <a 'java/lang/NoSuchMethodError'{0x00000000c49de360}: 'int java.lang.invoke.DelegatingMethodHandle$Holder.reinvoke_L(java.lang.Object, java.lang.Object, java.lang.Object, long, java.lang.Object, java.lang.Object)'> (0x00000000c49de360) 
thrown [s\src\hotspot\share\interpreter\linkResolver.cpp, line 771]
Event: 1.913 Thread 0x000001c2380f2a40 Exception <a 'java/lang/NoSuchMethodError'{0x00000000c49ecef0}: 'int java.lang.invoke.DelegatingMethodHandle$Holder.reinvoke_L(java.lang.Object, java.lang.Object, java.lang.Object, long, int, int)'> (0x00000000c49ecef0) 
thrown [s\src\hotspot\share\interpreter\linkResolver.cpp, line 771]
Event: 1.914 Thread 0x000001c2380f2a40 Exception <a 'java/lang/NoSuchMethodError'{0x00000000c49fb828}: 'int java.lang.invoke.DelegatingMethodHandle$Holder.reinvoke_L(java.lang.Object, java.lang.Object, java.lang.Object, long, long, long)'> (0x00000000c49fb828) 
thrown [s\src\hotspot\share\interpreter\linkResolver.cpp, line 771]
Event: 1.919 Thread 0x000001c2380f2a40 Exception <a 'java/lang/NoSuchMethodError'{0x00000000c480a458}: 'int java.lang.invoke.DelegatingMethodHandle$Holder.reinvoke_L(java.lang.Object, java.lang.Object, java.lang.Object, long, int)'> (0x00000000c480a458) 
thrown [s\src\hotspot\share\interpreter\linkResolver.cpp, line 771]
Event: 1.939 Thread 0x000001c2380f2a40 Exception <a 'java/lang/NoSuchMethodError'{0x00000000c48b20d0}: 'int java.lang.invoke.DirectMethodHandle$Holder.invokeStaticInit(java.lang.Object, java.lang.Object, java.lang.Object)'> (0x00000000c48b20d0) 
thrown [s\src\hotspot\share\interpreter\linkResolver.cpp, line 771]
Event: 1.945 Thread 0x000001c2380f2a40 Exception <a 'java/lang/NoSuchMethodError'{0x00000000c48da0e8}: 'int java.lang.invoke.DirectMethodHandle$Holder.invokeStaticInit(java.lang.Object, java.lang.Object)'> (0x00000000c48da0e8) 
thrown [s\src\hotspot\share\interpreter\linkResolver.cpp, line 771]
Event: 1.964 Thread 0x000001c2380f2a40 Exception <a 'java/lang/NoSuchMethodError'{0x00000000c47bb090}: 'void java.lang.invoke.DirectMethodHandle$Holder.invokeSpecial(java.lang.Object, java.lang.Object, java.lang.Object)'> (0x00000000c47bb090) 
thrown [s\src\hotspot\share\interpreter\linkResolver.cpp, line 771]
Event: 2.041 Thread 0x000001c2380f2a40 Exception <a 'java/lang/NoSuchMethodError'{0x00000000c3fe26b8}: 'void java.lang.invoke.DirectMethodHandle$Holder.invokeStatic(java.lang.Object, java.lang.Object, java.lang.Object, java.lang.Object)'> (0x00000000c3fe26b8) 
thrown [s\src\hotspot\share\interpreter\linkResolver.cpp, line 771]
Event: 2.133 Thread 0x000001c2380f2a40 Exception <a 'java/lang/NoSuchMethodError'{0x00000000c3ba3550}: 'void java.lang.invoke.DirectMethodHandle$Holder.invokeStaticInit(java.lang.Object, java.lang.Object)'> (0x00000000c3ba3550) 
thrown [s\src\hotspot\share\interpreter\linkResolver.cpp, line 771]
Event: 2.310 Thread 0x000001c2380f2a40 Exception <a 'java/lang/NoSuchMethodError'{0x00000000c352fdf0}: 'void java.lang.invoke.DirectMethodHandle$Holder.invokeVirtual(java.lang.Object, java.lang.Object)'> (0x00000000c352fdf0) 
thrown [s\src\hotspot\share\interpreter\linkResolver.cpp, line 771]
Event: 2.317 Thread 0x000001c2380f2a40 Exception <a 'java/lang/NoSuchMethodError'{0x00000000c357b030}: 'int java.lang.invoke.DirectMethodHandle$Holder.invokeVirtual(java.lang.Object, java.lang.Object)'> (0x00000000c357b030) 
thrown [s\src\hotspot\share\interpreter\linkResolver.cpp, line 771]
Event: 2.333 Thread 0x000001c2380f2a40 Exception <a 'java/lang/NoSuchMethodError'{0x00000000c3413530}: 'java.lang.Object java.lang.invoke.Invokers$Holder.invokeExact_MT(java.lang.Object, java.lang.Object, java.lang.Object, java.lang.Object, java.lang.Object, java.lang.Object)'> (0x00000000c3413530) 
thrown [s\src\hotspot\share\interpreter\linkResolver.cpp, line 771]
Event: 3.303 Thread 0x000001c2380f2a40 Implicit null exception at 0x000001c2448e7f72 to 0x000001c2448e858c
Event: 3.457 Thread 0x000001c2380f2a40 Implicit null exception at 0x000001c2448e9c72 to 0x000001c2448ea2ac
Event: 3.512 Thread 0x000001c2380f2a40 Exception <a 'java/lang/NoSuchMethodError'{0x00000000c472c610}: 'java.lang.Object java.lang.invoke.DirectMethodHandle$Holder.invokeVirtual(java.lang.Object, java.lang.Object, java.lang.Object)'> (0x00000000c472c610) 
thrown [s\src\hotspot\share\interpreter\linkResolver.cpp, line 771]
Event: 4.536 Thread 0x000001c2380f2a40 Exception <a 'java/lang/NoSuchMethodError'{0x00000000c451aa98}: 'java.lang.Object java.lang.invoke.DirectMethodHandle$Holder.newInvokeSpecial(java.lang.Object, java.lang.Object, int)'> (0x00000000c451aa98) 
thrown [s\src\hotspot\share\interpreter\linkResolver.cpp, line 771]
Event: 4.608 Thread 0x000001c2380f2a40 Implicit null exception at 0x000001c2449fbc4c to 0x000001c2449fbd34
Event: 4.818 Thread 0x000001c2380f2a40 Exception <a 'java/lang/NoSuchMethodError'{0x00000000c61ce608}: 'java.lang.Object java.lang.invoke.DirectMethodHandle$Holder.newInvokeSpecial(java.lang.Object, java.lang.Object, java.lang.Object, int)'> (0x00000000c61ce608) 
thrown [s\src\hotspot\share\interpreter\linkResolver.cpp, line 771]
Event: 4.825 Thread 0x000001c2380f2a40 Exception <a 'java/lang/NoSuchMethodError'{0x00000000c61d2c90}: 'java.lang.Object java.lang.invoke.DirectMethodHandle$Holder.invokeSpecial(java.lang.Object, java.lang.Object, java.lang.Object, java.lang.Object, int)'> (0x00000000c61d2c90) 
thrown [s\src\hotspot\share\interpreter\linkResolver.cpp, line 771]
Event: 4.826 Thread 0x000001c2380f2a40 Exception <a 'java/lang/NoSuchMethodError'{0x00000000c61d6b00}: 'java.lang.Object java.lang.invoke.Invokers$Holder.linkToTargetMethod(java.lang.Object, java.lang.Object, int, java.lang.Object)'> (0x00000000c61d6b00) 
thrown [s\src\hotspot\share\interpreter\linkResolver.cpp, line 771]

VM Operations (20 events):
Event: 3.905 Executing VM operation: G1Concurrent done
Event: 4.182 Executing VM operation: G1CollectForAllocation
Event: 4.187 Executing VM operation: G1CollectForAllocation done
Event: 4.202 Executing VM operation: G1CollectForAllocation
Event: 4.208 Executing VM operation: G1CollectForAllocation done
Event: 4.755 Executing VM operation: HandshakeAllThreads
Event: 4.755 Executing VM operation: HandshakeAllThreads done
Event: 4.755 Executing VM operation: G1CollectForAllocation
Event: 4.761 Executing VM operation: G1CollectForAllocation done
Event: 4.795 Executing VM operation: HandshakeAllThreads
Event: 4.795 Executing VM operation: HandshakeAllThreads done
Event: 4.847 Executing VM operation: HandshakeAllThreads
Event: 4.847 Executing VM operation: HandshakeAllThreads done
Event: 4.932 Executing VM operation: HandshakeAllThreads
Event: 4.932 Executing VM operation: HandshakeAllThreads done
Event: 5.180 Executing VM operation: HandshakeAllThreads
Event: 5.180 Executing VM operation: HandshakeAllThreads done
Event: 5.423 Executing VM operation: G1CollectForAllocation
Event: 5.432 Executing VM operation: G1CollectForAllocation done
Event: 5.727 Executing VM operation: G1CollectForAllocation

Events (20 events):
Event: 5.601 loading class java/util/stream/IntStream
Event: 5.602 loading class java/util/stream/IntStream done
Event: 5.602 loading class java/util/stream/IntPipeline$Head
Event: 5.602 loading class java/util/stream/IntPipeline
Event: 5.603 loading class java/util/stream/IntPipeline done
Event: 5.603 loading class java/util/stream/IntPipeline$Head done
Event: 5.604 loading class java/util/stream/IntPipeline$1
Event: 5.604 loading class java/util/stream/IntPipeline$1 done
Event: 5.608 loading class java/util/stream/ReferencePipeline$2
Event: 5.608 loading class java/util/stream/ReferencePipeline$2 done
Event: 5.609 loading class java/util/stream/ReferencePipeline$2$1
Event: 5.609 loading class java/util/stream/ReferencePipeline$2$1 done
Event: 5.609 loading class java/util/stream/IntPipeline$1$1
Event: 5.609 loading class java/util/stream/Sink$ChainedInt
Event: 5.609 loading class java/util/stream/Sink$OfInt
Event: 5.609 loading class java/util/function/IntConsumer
Event: 5.610 loading class java/util/function/IntConsumer done
Event: 5.610 loading class java/util/stream/Sink$OfInt done
Event: 5.610 loading class java/util/stream/Sink$ChainedInt done
Event: 5.610 loading class java/util/stream/IntPipeline$1$1 done


Dynamic libraries:
0x00007ff6d3410000 - 0x00007ff6d341a000 	D:\Android Studio\jbr\bin\java.exe
0x00007ffd76550000 - 0x00007ffd76748000 	C:\Windows\SYSTEM32\ntdll.dll
0x00007ffd75a30000 - 0x00007ffd75aed000 	C:\Windows\System32\KERNEL32.DLL
0x00007ffd74070000 - 0x00007ffd74366000 	C:\Windows\System32\KERNELBASE.dll
0x00007ffd73c40000 - 0x00007ffd73d40000 	C:\Windows\System32\ucrtbase.dll
0x00007ffd5b260000 - 0x00007ffd5b27b000 	D:\Android Studio\jbr\bin\VCRUNTIME140.dll
0x00007ffd6cd70000 - 0x00007ffd6cd87000 	D:\Android Studio\jbr\bin\jli.dll
0x00007ffd755d0000 - 0x00007ffd7576f000 	C:\Windows\System32\USER32.dll
0x00007ffd73c10000 - 0x00007ffd73c32000 	C:\Windows\System32\win32u.dll
0x00007ffd74f80000 - 0x00007ffd74fab000 	C:\Windows\System32\GDI32.dll
0x00007ffd74400000 - 0x00007ffd74517000 	C:\Windows\System32\gdi32full.dll
0x00007ffd73f20000 - 0x00007ffd73fbd000 	C:\Windows\System32\msvcp_win.dll
0x00007ffd64c20000 - 0x00007ffd64eba000 	C:\Windows\WinSxS\amd64_microsoft.windows.common-controls_6595b64144ccf1df_6.0.19041.4355_none_60b8b9eb71f62e16\COMCTL32.dll
0x00007ffd74820000 - 0x00007ffd748be000 	C:\Windows\System32\msvcrt.dll
0x00007ffd748c0000 - 0x00007ffd748ef000 	C:\Windows\System32\IMM32.DLL
0x00007ffd62630000 - 0x00007ffd6263c000 	D:\Android Studio\jbr\bin\vcruntime140_1.dll
0x00007ffd59e40000 - 0x00007ffd59ecd000 	D:\Android Studio\jbr\bin\msvcp140.dll
0x00007ffd30fd0000 - 0x00007ffd31c50000 	D:\Android Studio\jbr\bin\server\jvm.dll
0x00007ffd75870000 - 0x00007ffd75920000 	C:\Windows\System32\ADVAPI32.dll
0x00007ffd757d0000 - 0x00007ffd75870000 	C:\Windows\System32\sechost.dll
0x00007ffd75be0000 - 0x00007ffd75d03000 	C:\Windows\System32\RPCRT4.dll
0x00007ffd73ea0000 - 0x00007ffd73ec7000 	C:\Windows\System32\bcrypt.dll
0x00007ffd63a90000 - 0x00007ffd63ab7000 	C:\Windows\SYSTEM32\WINMM.dll
0x00007ffd5f930000 - 0x00007ffd5f939000 	C:\Windows\SYSTEM32\WSOCK32.dll
0x00007ffd748f0000 - 0x00007ffd7495b000 	C:\Windows\System32\WS2_32.dll
0x00007ffd63980000 - 0x00007ffd6398a000 	C:\Windows\SYSTEM32\VERSION.dll
0x00007ffd71a90000 - 0x00007ffd71aa2000 	C:\Windows\SYSTEM32\kernel.appcore.dll
0x00007ffd70c20000 - 0x00007ffd70c2a000 	D:\Android Studio\jbr\bin\jimage.dll
0x00007ffd626d0000 - 0x00007ffd628b4000 	C:\Windows\SYSTEM32\DBGHELP.DLL
0x00007ffd62490000 - 0x00007ffd624c4000 	C:\Windows\SYSTEM32\dbgcore.DLL
0x00007ffd74370000 - 0x00007ffd743f2000 	C:\Windows\System32\bcryptPrimitives.dll
0x00007ffd6e9c0000 - 0x00007ffd6e9e5000 	D:\Android Studio\jbr\bin\java.dll
0x00007ffd6e770000 - 0x00007ffd6e788000 	D:\Android Studio\jbr\bin\zip.dll
0x00007ffd75da0000 - 0x00007ffd7650c000 	C:\Windows\System32\SHELL32.dll
0x00007ffd71c90000 - 0x00007ffd7242d000 	C:\Windows\SYSTEM32\windows.storage.dll
0x00007ffd74fb0000 - 0x00007ffd75303000 	C:\Windows\System32\combase.dll
0x00007ffd73560000 - 0x00007ffd7358e000 	C:\Windows\SYSTEM32\Wldp.dll
0x00007ffd74750000 - 0x00007ffd7481d000 	C:\Windows\System32\OLEAUT32.dll
0x00007ffd74590000 - 0x00007ffd7463d000 	C:\Windows\System32\SHCORE.dll
0x00007ffd75560000 - 0x00007ffd755b5000 	C:\Windows\System32\shlwapi.dll
0x00007ffd73b40000 - 0x00007ffd73b64000 	C:\Windows\SYSTEM32\profapi.dll
0x00007ffd6e540000 - 0x00007ffd6e559000 	D:\Android Studio\jbr\bin\net.dll
0x00007ffd6d220000 - 0x00007ffd6d32a000 	C:\Windows\SYSTEM32\WINHTTP.dll
0x00007ffd732c0000 - 0x00007ffd7332a000 	C:\Windows\system32\mswsock.dll
0x00007ffd6cd90000 - 0x00007ffd6cda6000 	D:\Android Studio\jbr\bin\nio.dll
0x00007ffd6e9b0000 - 0x00007ffd6e9c0000 	D:\Android Studio\jbr\bin\verify.dll

dbghelp: loaded successfully - version: 4.0.5 - missing functions: none
symbol engine: initialized successfully - sym options: 0x614 - pdb path: .;D:\Android Studio\jbr\bin;C:\Windows\SYSTEM32;C:\Windows\WinSxS\amd64_microsoft.windows.common-controls_6595b64144ccf1df_6.0.19041.4355_none_60b8b9eb71f62e16;D:\Android Studio\jbr\bin\server

VM Arguments:
java_command: org.jetbrains.kotlin.cli.jvm.K2JVMCompiler @D:\Android-projects\lesson8-unscramble\app\build\20240910_11174117984652733830.compiler.options
java_class_path (initial): C:\Users\Ridzimeko\.gradle\caches\modules-2\files-2.1\org.jetbrains.kotlin\kotlin-compiler-embeddable\1.9.0\2c8c3a7402becca891f12739b3e9fd2dc2adbd7a\kotlin-compiler-embeddable-1.9.0.jar;C:\Users\Ridzimeko\.gradle\caches\modules-2\files-2.1\org.jetbrains.kotlin\kotlin-stdlib\1.9.0\8ee15ef0c67dc83d874f412d84378d7f0eb50b63\kotlin-stdlib-1.9.0.jar;C:\Users\Ridzimeko\.gradle\caches\modules-2\files-2.1\org.jetbrains.kotlin\kotlin-script-runtime\1.9.0\4b3102cbbb7e1b58d9d1adf89563f00069ffa7d1\kotlin-script-runtime-1.9.0.jar;C:\Users\Ridzimeko\.gradle\caches\modules-2\files-2.1\org.jetbrains.kotlin\kotlin-reflect\1.6.10\1cbe9c92c12a94eea200d23c2bbaedaf3daf5132\kotlin-reflect-1.6.10.jar;C:\Users\Ridzimeko\.gradle\caches\modules-2\files-2.1\org.jetbrains.kotlin\kotlin-daemon-embeddable\1.9.0\186543f5e28cf8d9a0290fecc2cf34301c40a65c\kotlin-daemon-embeddable-1.9.0.jar;C:\Users\Ridzimeko\.gradle\caches\modules-2\files-2.1\org.jetbrains.intellij.deps\trove4j\1.0.20200330\3afb14d5f9ceb459d724e907a21145e8ff394f02\trove4j-1.0.20200330.jar;C:\Users\Ridzimeko\.gradle\caches\modules-2\files-2.1\org.jetbrains.kotlin\kotlin-stdlib-common\1.9.0\cd65c21cfd1eec4d44ef09f9f52b6d9f8a720636\kotlin-stdlib-common-1.9.0.jar;C:\Users\Ridzimeko\.gradle\caches\modules-2\files-2.1\org.jetbrains\annotations\13.0\919f0dfe192fb4e063e7dacadee7f8bb9a2672a9\annotations-13.0.jar
Launcher Type: SUN_STANDARD

[Global flags]
     intx CICompilerCount                          = 3                                         {product} {ergonomic}
     uint ConcGCThreads                            = 1                                         {product} {ergonomic}
     uint G1ConcRefinementThreads                  = 4                                         {product} {ergonomic}
   size_t G1HeapRegionSize                         = 1048576                                   {product} {ergonomic}
    uintx GCDrainStackTargetSize                   = 64                                        {product} {ergonomic}
   size_t InitialHeapSize                          = 65011712                                  {product} {ergonomic}
   size_t MarkStackSize                            = 4194304                                   {product} {ergonomic}
   size_t MaxHeapSize                              = 1035993088                                {product} {ergonomic}
   size_t MaxNewSize                               = 620756992                                 {product} {ergonomic}
   size_t MinHeapDeltaBytes                        = 1048576                                   {product} {ergonomic}
   size_t MinHeapSize                              = 8388608                                   {product} {ergonomic}
    uintx NonNMethodCodeHeapSize                   = 5832780                                {pd product} {ergonomic}
    uintx NonProfiledCodeHeapSize                  = 122912730                              {pd product} {ergonomic}
    uintx ProfiledCodeHeapSize                     = 122912730                              {pd product} {ergonomic}
    uintx ReservedCodeCacheSize                    = 251658240                              {pd product} {ergonomic}
     bool SegmentedCodeCache                       = true                                      {product} {ergonomic}
   size_t SoftMaxHeapSize                          = 1035993088                             {manageable} {ergonomic}
     bool UseCompressedClassPointers               = true                           {product lp64_product} {ergonomic}
     bool UseCompressedOops                        = true                           {product lp64_product} {ergonomic}
     bool UseG1GC                                  = true                                      {product} {ergonomic}
     bool UseLargePagesIndividualAllocation        = false                                  {pd product} {ergonomic}

Logging:
Log output configuration:
 #0: stdout all=warning uptime,level,tags
 #1: stderr all=off uptime,level,tags

Environment Variables:
PATH=C:\Program Files\Common Files\Oracle\Java\javapath;C:\Program Files\Volta\;C:\Windows\system32;C:\Users\Ridzimeko\AppData\Local\Microsoft\WinGet\Links\;C:\Windows;C:\Windows\System32\Wbem;C:\Windows\System32\WindowsPowerShell\v1.0\;C:\Windows\System32\OpenSSH\;C:\Program Files\Git\cmd;C:\Program Files\WireGuard\;C:\Program Files\PuTTY\;C:\Program Files\VSCodium\bin;C:\Program Files\dotnet\;C:\Users\Ridzimeko\.console-ninja\.bin;C:\Users\Ridzimeko\AppData\Local\Programs\Python\Python311\Scripts\;C:\Users\Ridzimeko\AppData\Local\Programs\Python\Python311\;C:\Users\Ridzimeko\AppData\Local\Volta\bin;C:\Users\Ridzimeko\AppData\Local\Microsoft\WindowsApps;C:\Users\Ridzimeko\AppData\Local\Microsoft\WinGet\Packages\Fly-io.flyctl_Microsoft.Winget.Source_8wekyb3d8bbwe;C:\Users\Ridzimeko\AppData\Local\Microsoft\WinGet\Packages\Hugo.Hugo_Microsoft.Winget.Source_8wekyb3d8bbwe;C:\Users\Ridzimeko\AppData\Local\Microsoft\WinGet\Packages\Hugo.Hugo.Extended_Microsoft.Winget.Source_8wekyb3d8bbwe;D:\Apps\laragon-6.0.0\bin\php\php-8.3.8;C:\Users\Ridzimeko\AppData\Local\ComposerSetup\bin;C:\Users\Ridzimeko\AppData\Roaming\Composer\vendor\bin;C:\Users\Ridzimeko\AppData\Local\Programs\Microsoft VS Code\bin;D:\Apps\Videomass-v5.0.2_x86_64-portable\Videomass\FFMPEG\bin;C:\Exercism;C:\Users\Ridzimeko\AppData\Local\Microsoft\WinGet\Links;D:\Apps\platform-tools;C:\mingw64\bin;D:\Apps\mpv;D:\Apps\Caddy Server;;C:\Users\Ridzimeko\.bun\bin
USERNAME=Ridzimeko
OS=Windows_NT
PROCESSOR_IDENTIFIER=Intel64 Family 6 Model 78 Stepping 3, GenuineIntel
TMP=C:\Users\RIDZIM~1\AppData\Local\Temp
TEMP=C:\Users\RIDZIM~1\AppData\Local\Temp


JNI global refs:
JNI global refs: 7, weak refs: 0

JNI global refs memory usage: 843, weak refs: 841

OOME stack traces (most recent first):
Classloader memory used:
Loader jdk.internal.loader.ClassLoaders$AppClassLoader                                 : 4750K
Loader bootstrap                                                                       : 1280K
Loader java.net.URLClassLoader                                                         : 19905B
Loader jdk.internal.reflect.DelegatingClassLoader                                      : 6904B


---------------  S Y S T E M  ---------------

OS:
 Windows 10 , 64 bit Build 19041 (10.0.19041.3636)
OS uptime: 0 days 2:51 hours

CPU: total 4 (initial active 4) (2 cores per cpu, 2 threads per core) family 6 model 78 stepping 3 microcode 0xec, cx8, cmov, fxsr, ht, mmx, 3dnowpref, sse, sse2, sse3, ssse3, sse4.1, sse4.2, popcnt, lzcnt, tsc, tscinvbit, avx, avx2, aes, erms, clmul, bmi1, bmi2, rtm, adx, fma, vzeroupper, clflush, clflushopt

Memory: 4k page, system-wide physical 3949M (990M free)
TotalPageFile size 11189M (AvailPageFile size 18M)
current process WorkingSet (physical memory assigned to process): 175M, peak: 177M
current process commit charge ("private bytes"): 218M, peak: 248M

vm_info: OpenJDK 64-Bit Server VM (17.0.7+0-b2043.56-10550314) for windows-amd64 JRE (17.0.7+0-b2043.56-10550314), built on Jul 24 2023 18:27:45 by "androidbuild" with MS VC++ 16.10 / 16.11 (VS2019)

END.
